This is pdfTeX, Version 3.1415926-1.40.10 (TeX Live 2009/Debian) (format=pdflatex 2010.9.4)  20 NOV 2010 14:15
entering extended mode
 restricted \write18 enabled.
 %&-line parsing enabled.
**IchepPublicPage_v3_ICHEPformat.tex
(./IchepPublicPage_v3_ICHEPformat.tex
LaTeX2e <2009/09/24>
Babel <v3.8l> and hyphenation patterns for english, usenglishmax, dumylang, noh
yphenation, loaded.
(./revtex4.cls
Document Class: revtex4 2001/08/03 v4.0 (http://publish.aps.org/revtex4/ for do
cumentation)
 Copyright (c) 2001 The American Physical Society.
 mailto:revtex@aps.org
 Licensed under the LPPL:
http://www.ctan.org/tex-archive/macros/latex/base/lppl.txt
 Arthur Ogawa <ogawa@teleport.com>
 Based on work by David Carlisle <david@dcarlisle.demon.co.uk>.
ltxutil: portions licensed from W. E. Baxter (web@superscript.com)
Class revtex4 Info: Repairing broken LateX \@sect on input line 596.
\intertabularlinepenalty=\count79
\@tbpen=\count80
\@arstrutbox@hline=\box26
Class revtex4 Info: Repairing broken LaTeX \@xbitor on input line 1610.
ltxgrid: portions licensed from W. E. Baxter (web@superscript.com)
\c@linecount=\count81
\output=\toks14
\@protection@box=\box27
\@topmark@saved=\toks15
\footins@saved=\box28
\pagesofar=\box29
\footbox=\box30
\pagegrid@col=\count82
Class revtex4 Info: Incorporating package {textcase}  [1998/11/12 v0.06 Text on
ly upper/lower case changing (DPC)]. on input line 3682.
(/usr/share/texmf-texlive/tex/latex/ltxmisc/url.sty
\Urlmuskip=\muskip10
Package: url 2006/04/12  ver 3.3  Verb mode for urls, etc.
)
\c@affil=\count83
\absbox=\box31
\c@part=\count84
\c@section=\count85
\c@subsection=\count86
\c@subsubsection=\count87
\c@paragraph=\count88
\c@subparagraph=\count89
\abovecaptionskip=\skip41
\belowcaptionskip=\skip42
\c@figure=\count90
\c@table=\count91

(/usr/share/texmf-texlive/tex/latex/natbib/natbib.sty
Package: natbib 2009/07/16 8.31 (PWD, AO)
\bibhang=\skip43
\bibsep=\skip44
LaTeX Info: Redefining \cite on input line 694.
\c@NAT@ctr=\count92
)
\widetext@top=\box32
\widetext@bot=\box33
 (./revsymb.sty
Package: revsymb 2001/08/03 v4.0 (http://publish.aps.org/revtex4/ for documenta
tion)
LaTeX Info: Redefining \REV@mathfrak on input line 118.
))
(./slac_one.rtx
File: slac.rtx 2001/05/22 v4.0rc1f RevTeX class (DPC,AO,APS)
) (./10pt.rtx
File: 10pt.rtx 2001/08/03 v4.0 (http://publish.aps.org/revtex4/ for documentati
on)
)
(/usr/share/texmf-texlive/tex/latex/graphics/graphicx.sty
Package: graphicx 1999/02/16 v1.0f Enhanced LaTeX Graphics (DPC,SPQR)

(/usr/share/texmf-texlive/tex/latex/graphics/keyval.sty
Package: keyval 1999/03/16 v1.13 key=value parser (DPC)
\KV@toks@=\toks16
)
(/usr/share/texmf-texlive/tex/latex/graphics/graphics.sty
Package: graphics 2009/02/05 v1.0o Standard LaTeX Graphics (DPC,SPQR)

(/usr/share/texmf-texlive/tex/latex/graphics/trig.sty
Package: trig 1999/03/16 v1.09 sin cos tan (DPC)
)
(/etc/texmf/tex/latex/config/graphics.cfg
File: graphics.cfg 2009/08/28 v1.8 graphics configuration of TeX Live
)
Package graphics Info: Driver file: pdftex.def on input line 91.

(/usr/share/texmf-texlive/tex/latex/pdftex-def/pdftex.def
File: pdftex.def 2009/08/25 v0.04m Graphics/color for pdfTeX
\Gread@gobject=\count93
))
\Gin@req@height=\dimen102
\Gin@req@width=\dimen103
)
(/usr/share/texmf-texlive/tex/latex/fancyhdr/fancyhdr.sty
\fancy@headwidth=\skip45
\f@ncyO@elh=\skip46
\f@ncyO@erh=\skip47
\f@ncyO@olh=\skip48
\f@ncyO@orh=\skip49
\f@ncyO@elf=\skip50
\f@ncyO@erf=\skip51
\f@ncyO@olf=\skip52
\f@ncyO@orf=\skip53
)
(/usr/share/texmf-texlive/tex/latex/tools/xspace.sty
Package: xspace 2006/05/08 v1.12 Space after command names (DPC,MH)
)
(/usr/share/texmf-texlive/tex/latex/subfigure/subfigure.sty
Package: subfigure 2002/03/15 v2.1.5 subfigure package
\subfigtopskip=\skip54
\subfigcapskip=\skip55
\subfigcaptopadj=\dimen104
\subfigbottomskip=\skip56
\subfigcapmargin=\dimen105
\subfiglabelskip=\skip57
\c@subfigure=\count94
\c@lofdepth=\count95
\c@subtable=\count96
\c@lotdepth=\count97

****************************************
* Local config file subfigure.cfg used *
****************************************
(/usr/share/texmf-texlive/tex/latex/subfigure/subfigure.cfg)
\subfig@top=\skip58
\subfig@bottom=\skip59
)
(./IchepPublicPage_v3_ICHEPformat.aux)
\openout1 = `IchepPublicPage_v3_ICHEPformat.aux'.

LaTeX Font Info:    Checking defaults for OML/cmm/m/it on input line 45.
LaTeX Font Info:    ... okay on input line 45.
LaTeX Font Info:    Checking defaults for T1/cmr/m/n on input line 45.
LaTeX Font Info:    ... okay on input line 45.
LaTeX Font Info:    Checking defaults for OT1/cmr/m/n on input line 45.
LaTeX Font Info:    ... okay on input line 45.
LaTeX Font Info:    Checking defaults for OMS/cmsy/m/n on input line 45.
LaTeX Font Info:    ... okay on input line 45.
LaTeX Font Info:    Checking defaults for OMX/cmex/m/n on input line 45.
LaTeX Font Info:    ... okay on input line 45.
LaTeX Font Info:    Checking defaults for U/cmr/m/n on input line 45.
LaTeX Font Info:    ... okay on input line 45.
Class revtex4 Info: Patching LaTeX tabular. on input line 45.
Class revtex4 Info: cite was not loaded (OK!) on input line 45.
Class revtex4 Info: multicol was not loaded (OK!) on input line 45.

(/usr/share/texmf/tex/context/base/supp-pdf.mkii
[Loading MPS to PDF converter (version 2006.09.02).]
\scratchcounter=\count98
\scratchdimen=\dimen106
\scratchbox=\box34
\nofMPsegments=\count99
\nofMParguments=\count100
\everyMPshowfont=\toks17
\MPscratchCnt=\count101
\MPscratchDim=\dimen107
\MPnumerator=\count102
\everyMPtoPDFconversion=\toks18
)
LaTeX Font Info:    External font `cmex10' loaded for size
(Font)              <8> on input line 80.
LaTeX Font Info:    External font `cmex10' loaded for size
(Font)              <6> on input line 80.
LaTeX Font Info:    External font `cmex10' loaded for size
(Font)              <5> on input line 80.
LaTeX Font Info:    Try loading font information for OT1+phv on input line 87.
 (/usr/share/texmf-texlive/tex/latex/psnfss/ot1phv.fd
File: ot1phv.fd 2001/06/04 scalable font definitions for OT1/phv.
)
LaTeX Font Info:    Font shape `OT1/phv/bx/n' in size <14.4> not available
(Font)              Font shape `OT1/phv/b/n' tried instead on input line 87.
LaTeX Font Info:    Font shape `OT1/phv/bx/n' in size <12> not available
(Font)              Font shape `OT1/phv/b/n' tried instead on input line 90.
LaTeX Font Info:    External font `cmex10' loaded for size
(Font)              <7> on input line 91.


Package natbib Warning: Citation `ref-models' on page 1 undefined on input line
 95.

<p1j_compton.pdf, id=1, 256.96pt x 238.8925pt>
File: p1j_compton.pdf Graphic file (type pdf)
 <use p1j_compton.pdf>
<p1j_annihilation.pdf, id=2, 249.93375pt x 226.8475pt>
File: p1j_annihilation.pdf Graphic file (type pdf)

<use p1j_annihilation.pdf> <p1j_brem.pdf, id=3, 214.8025pt x 227.85126pt>
File: p1j_brem.pdf Graphic file (type pdf)

<use p1j_brem.pdf> <gmsb_1.pdf, id=4, 434.62375pt x 476.78125pt>
File: gmsb_1.pdf Graphic file (type pdf)

<use gmsb_1.pdf> <gmsb_2.pdf, id=5, 471.7625pt x 470.75874pt>
File: gmsb_2.pdf Graphic file (type pdf)
 <use gmsb_2.pdf>
LaTeX Font Info:    External font `cmex10' loaded for size
(Font)              <9> on input line 110.
LaTeX Font Info:    External font `cmex10' loaded for size
(Font)              <12> on input line 113.


LaTeX Warning: Reference `fig-p1j-edited' on page 1 undefined on input line 115
.


Package natbib Warning: Citation `ref-pythia' on page 1 undefined on input line
 128.


LaTeX Warning: Reference `fig-backgrounds' on page 1 undefined on input line 13
5.

[1{/var/lib/texmf/fonts/map/pdftex/updmap/pdftex.map} <./p1j_compton.pdf> <./p1
j_annihilation.pdf> <./p1j_brem.pdf> <./gmsb_1.pdf> <./gmsb_2.pdf>]
<plot1_PhotonEt.pdf, id=59, 382.42876pt x 569.12625pt>
File: plot1_PhotonEt.pdf Graphic file (type pdf)

<use plot1_PhotonEt.pdf> <plot1_InvMass.pdf, id=60, 381.425pt x 569.12625pt>
File: plot1_InvMass.pdf Graphic file (type pdf)

<use plot1_InvMass.pdf>

Package natbib Warning: There were undefined citations.

[2] [3 <./plot1_PhotonEt.pdf> <./plot1_InvMass.pdf>]
(./IchepPublicPage_v3_ICHEPformat.aux)

LaTeX Warning: There were undefined references.

 ) 
Here is how much of TeX's memory you used:
 2848 strings out of 495061
 35812 string characters out of 1182622
 100971 words of memory out of 3000000
 6024 multiletter control sequences out of 15000+50000
 16935 words of font info for 40 fonts, out of 3000000 for 9000
 28 hyphenation exceptions out of 8191
 27i,12n,43p,1240b,315s stack positions out of 5000i,500n,10000p,200000b,50000s
{/usr/share/texmf-texlive/fonts/enc/dvips/base/8r.enc}</usr/share/texmf-texli
ve/fonts/type1/public/amsfonts/cm/cmbx10.pfb></usr/share/texmf-texlive/fonts/ty
pe1/public/amsfonts/cm/cmbx9.pfb></usr/share/texmf-texlive/fonts/type1/public/a
msfonts/cm/cmcsc10.pfb></usr/share/texmf-texlive/fonts/type1/public/amsfonts/cm
/cmmi10.pfb></usr/share/texmf-texlive/fonts/type1/public/amsfonts/cm/cmmi12.pfb
></usr/share/texmf-texlive/fonts/type1/public/amsfonts/cm/cmmi6.pfb></usr/share
/texmf-texlive/fonts/type1/public/amsfonts/cm/cmmi7.pfb></usr/share/texmf-texli
ve/fonts/type1/public/amsfonts/cm/cmmi8.pfb></usr/share/texmf-texlive/fonts/typ
e1/public/amsfonts/cm/cmmi9.pfb></usr/share/texmf-texlive/fonts/type1/public/am
sfonts/cm/cmr10.pfb></usr/share/texmf-texlive/fonts/type1/public/amsfonts/cm/cm
r6.pfb></usr/share/texmf-texlive/fonts/type1/public/amsfonts/cm/cmr7.pfb></usr/
share/texmf-texlive/fonts/type1/public/amsfonts/cm/cmr8.pfb></usr/share/texmf-t
exlive/fonts/type1/public/amsfonts/cm/cmr9.pfb></usr/share/texmf-texlive/fonts/
type1/public/amsfonts/cm/cmsy10.pfb></usr/share/texmf-texlive/fonts/type1/publi
c/amsfonts/cm/cmsy6.pfb></usr/share/texmf-texlive/fonts/type1/public/amsfonts/c
m/cmsy7.pfb></usr/share/texmf-texlive/fonts/type1/public/amsfonts/cm/cmsy8.pfb>
</usr/share/texmf-texlive/fonts/type1/public/amsfonts/cm/cmsy9.pfb></usr/share/
texmf-texlive/fonts/type1/urw/helvetic/uhvb8a.pfb></usr/share/texmf-texlive/fon
ts/type1/urw/helvetic/uhvr8a.pfb></usr/share/texmf-texlive/fonts/type1/urw/helv
etic/uhvro8a.pfb>
Output written on IchepPublicPage_v3_ICHEPformat.pdf (3 pages, 398669 bytes).
PDF statistics:
 222 PDF objects out of 1000 (max. 8388607)
 0 named destinations out of 1000 (max. 500000)
 36 words of extra memory for PDF output out of 10000 (max. 10000000)

